<?xml version="1.0" encoding="UTF-8"?>
<!-- Generated by org.testng.reporters.JUnitReportReporter -->
<testsuite hostname="MUM-LAP-409" failures="0" tests="1" name="pack1.Telephony3" time="0.139" errors="0" timestamp="02 Jun 2019 06:17:33 GMT" skipped="0">
  <testcase classname="pack1.Telephony3" name="TransferTelephonyTest" time="0.139"/>
</testsuite> <!-- pack1.Telephony3 -->
