<?xml version="1.0" encoding="UTF-8"?>
<!-- Generated by org.testng.reporters.JUnitReportReporter -->
<testsuite hostname="MUM-LAP-409" failures="0" tests="2" name="pack1.Telephony1" time="1.951" errors="0" timestamp="02 Jun 2019 06:17:33 GMT" skipped="0">
  <testcase classname="pack1.Telephony1" name="ConnectTelephonyTest" time="1.731"/>
  <testcase classname="pack1.Telephony1" name="DialTelephonyTest" time="0.220"/>
</testsuite> <!-- pack1.Telephony1 -->
